<?xml version="1.0" encoding="UTF-8" ?>
<testsuites>
  <testsuite errors="1" failures="0" hostname="mohit-PC" id="0" name="BigLibraryTest" package="library" skipped="0" tests="2" time="0.147" timestamp="2017-04-29T07:05:54">
      <properties>
          <property name="java.vendor" value="Oracle Corporation" />

          <property name="sun.java.launcher" value="SUN_STANDARD" />

          <property name="sun.management.compiler" value="HotSpot Client Compiler" />

          <property name="build.sysclasspath" value="ignore" />

          <property name="os.name" value="Windows 7" />

          <property name="sun.boot.class.path" value="F:\Java_se\jdk1.8.0_121\jre\lib\resources.jar;F:\Java_se\jdk1.8.0_121\jre\lib\rt.jar;F:\Java_se\jdk1.8.0_121\jre\lib\sunrsasign.jar;F:\Java_se\jdk1.8.0_121\jre\lib\jsse.jar;F:\Java_se\jdk1.8.0_121\jre\lib\jce.jar;F:\Java_se\jdk1.8.0_121\jre\lib\charsets.jar;F:\Java_se\jdk1.8.0_121\jre\lib\jfr.jar;F:\Java_se\jdk1.8.0_121\jre\classes" />

          <property name="sun.desktop" value="windows" />

          <property name="java.vm.specification.vendor" value="Oracle Corporation" />

          <property name="ant.home" value="C:\Users\mohit\.p2\pool\plugins\org.apache.ant_1.9.6.v201510161327" />

          <property name="java.runtime.version" value="1.8.0_121-b13" />

          <property name="user.name" value="mohit" />

          <property name="ant.build.javac.target" value="1.8" />

          <property name="user.language" value="en" />

          <property name="sun.boot.library.path" value="F:\Java_se\jdk1.8.0_121\jre\bin" />

          <property name="grader.report.file" value="my-grader-report.xml" />

          <property name="ant.project.default-target" value="all" />

          <property name="java.version" value="1.8.0_121" />

          <property name="user.timezone" value="" />

          <property name="sun.arch.data.model" value="32" />

          <property name="java.endorsed.dirs" value="F:\Java_se\jdk1.8.0_121\jre\lib\endorsed" />

          <property name="sun.cpu.isalist" value="pentium_pro+mmx pentium_pro pentium+mmx pentium i486 i386 i86" />

          <property name="sun.jnu.encoding" value="Cp1252" />

          <property name="file.encoding.pkg" value="sun.io" />

          <property name="file.separator" value="\" />

          <property name="java.specification.name" value="Java Platform API Specification" />

          <property name="java.class.version" value="52.0" />

          <property name="user.country" value="US" />

          <property name="java.home" value="F:\Java_se\jdk1.8.0_121\jre" />

          <property name="java.vm.info" value="mixed mode" />

          <property name="ant.file" value="C:\Users\mohit\Desktop\Java_ps\ps3\grader.xml" />

          <property name="os.version" value="6.1" />

          <property name="final.grader.jar" value="ps3-final-grader.jar" />

          <property name="path.separator" value=";" />

          <property name="java.vm.version" value="25.121-b13" />

          <property name="user.variant" value="" />

          <property name="ant.library.dir" value="C:\Users\mohit\.p2\pool\plugins\org.apache.ant_1.9.6.v201510161327\lib" />

          <property name="java.awt.printerjob" value="sun.awt.windows.WPrinterJob" />

          <property name="sun.io.unicode.encoding" value="UnicodeLittle" />

          <property name="awt.toolkit" value="sun.awt.windows.WToolkit" />

          <property name="user.script" value="" />

          <property name="user.home" value="C:\Users\mohit" />

          <property name="java.specification.vendor" value="Oracle Corporation" />

          <property name="which.tests.ran" value="BETA" />

          <property name="java.library.path" value="F:\Java_se\jdk1.8.0_121\jre\bin;C:\Windows\Sun\Java\bin;C:\Windows\system32;C:\Windows;F:/Java_se1/jre1.8.0_121/bin/client;F:/Java_se1/jre1.8.0_121/bin;F:/Java_se1/jre1.8.0_121/lib/i386;C:\ProgramData\Oracle\Java\javapath;C:\Program Files\Common Files\Microsoft Shared\Windows Live;C:\Windows\system32;C:\Windows;C:\Windows\System32\Wbem;C:\Windows\System32\WindowsPowerShell\v1.0\;C:\Program Files\Windows Live\Shared;C:\Program Files\Git\cmd;C:\Windows\system32;;." />

          <property name="java.vendor.url" value="http://java.oracle.com/" />

          <property name="java.vm.vendor" value="Oracle Corporation" />

          <property name="java.runtime.name" value="Java(TM) SE Runtime Environment" />

          <property name="beta.grader.jar" value="ps3-beta-grader.jar" />

          <property name="sun.java.command" value="org.apache.tools.ant.taskdefs.optional.junit.JUnitTestRunner library.BigLibraryTest skipNonTests=false filtertrace=true haltOnError=false haltOnFailure=false showoutput=false outputtoformatters=true logfailedtests=true threadid=0 logtestlistenerevents=false formatter=org.apache.tools.ant.taskdefs.optional.junit.XMLJUnitResultFormatter,C:\Users\mohit\Desktop\Java_ps\ps3\.grader\TEST-library.BigLibraryTest.xml crashfile=C:\Users\mohit\Desktop\Java_ps\ps3\.grader\junitvmwatcher5473188903250498759.properties propsfile=C:\Users\mohit\Desktop\Java_ps\ps3\.grader\junit3673804306007072913.properties" />

          <property name="java.class.path" value="C:\Users\mohit\Desktop\Java_ps\ps3\lib\junit-4.12.jar;C:\Users\mohit\Desktop\Java_ps\ps3\lib\hamcrest-core-1.3.jar;C:\Users\mohit\Desktop\Java_ps\ps3\.grader\bin-student;C:\Users\mohit\.p2\pool\plugins\org.apache.ant_1.9.6.v201510161327\lib\ant-launcher.jar;C:\Users\mohit\.p2\pool\plugins\org.apache.ant_1.9.6.v201510161327\lib\ant.jar;C:\Users\mohit\.p2\pool\plugins\org.apache.ant_1.9.6.v201510161327\lib\ant-junit.jar;C:\Users\mohit\.p2\pool\plugins\org.apache.ant_1.9.6.v201510161327\lib\ant-junit4.jar" />

          <property name="ant.version" value="Apache Ant(TM) version 1.9.6 compiled on June 29 2015" />

          <property name="project.name" value="ps3-library" />

          <property name="java.vm.specification.name" value="Java Virtual Machine Specification" />

          <property name="java.vm.specification.version" value="1.8" />

          <property name="sun.cpu.endian" value="little" />

          <property name="didit.desc" value="Running your tests against your implementation." />

          <property name="sun.os.patch.level" value="Service Pack 1" />

          <property name="java.io.tmpdir" value="C:\Users\mohit\AppData\Local\Temp\" />

          <property name="java.vendor.url.bug" value="http://bugreport.sun.com/bugreport/" />

          <property name="os.arch" value="x86" />

          <property name="java.awt.graphicsenv" value="sun.awt.Win32GraphicsEnvironment" />

          <property name="java.ext.dirs" value="F:\Java_se\jdk1.8.0_121\jre\lib\ext;C:\Windows\Sun\Java\lib\ext" />

          <property name="user.dir" value="C:\Users\mohit\Desktop\Java_ps\ps3" />

          <property name="line.separator" value="&#xd;&#xa;" />

          <property name="zipfile" value="my-submission.zip" />

          <property name="java.vm.name" value="Java HotSpot(TM) Client VM" />

          <property name="problem.set" value="ps3" />

          <property name="basedir" value="C:\Users\mohit\Desktop\Java_ps\ps3" />

          <property name="ant.java.version" value="1.8" />

          <property name="ant.core.lib" value="C:\Users\mohit\.p2\pool\plugins\org.apache.ant_1.9.6.v201510161327\lib\ant.jar" />

          <property name="file.encoding" value="Cp1252" />

          <property name="java.specification.version" value="1.8" />

          <property name="grader.dir" value=".grader" />

          <property name="ant.project.invoked-targets" value="all" />

      </properties>

      <testcase classname="library.BigLibraryTest" name="testAssertionsEnabled" time="0.002" />

      <testcase classname="library.BigLibraryTest" name="testExampleTest" time="0.009">
          <error message="not implemented yet" type="java.lang.RuntimeException">java.lang.RuntimeException: not implemented yet
	at library.BigLibrary.&lt;init&gt;(BigLibrary.java:22)
	at library.BigLibraryTest.testExampleTest(BigLibraryTest.java:31)
</error>

      </testcase>

      <system-out><![CDATA[]]></system-out>

      <system-err><![CDATA[]]></system-err>

  </testsuite>
  <testsuite errors="1" failures="0" hostname="mohit-PC" id="1" name="BookCopyTest" package="library" skipped="0" tests="2" time="0.167" timestamp="2017-04-29T07:05:55">
      <properties>
          <property name="java.vendor" value="Oracle Corporation" />

          <property name="sun.java.launcher" value="SUN_STANDARD" />

          <property name="sun.management.compiler" value="HotSpot Client Compiler" />

          <property name="build.sysclasspath" value="ignore" />

          <property name="os.name" value="Windows 7" />

          <property name="sun.boot.class.path" value="F:\Java_se\jdk1.8.0_121\jre\lib\resources.jar;F:\Java_se\jdk1.8.0_121\jre\lib\rt.jar;F:\Java_se\jdk1.8.0_121\jre\lib\sunrsasign.jar;F:\Java_se\jdk1.8.0_121\jre\lib\jsse.jar;F:\Java_se\jdk1.8.0_121\jre\lib\jce.jar;F:\Java_se\jdk1.8.0_121\jre\lib\charsets.jar;F:\Java_se\jdk1.8.0_121\jre\lib\jfr.jar;F:\Java_se\jdk1.8.0_121\jre\classes" />

          <property name="sun.desktop" value="windows" />

          <property name="java.vm.specification.vendor" value="Oracle Corporation" />

          <property name="ant.home" value="C:\Users\mohit\.p2\pool\plugins\org.apache.ant_1.9.6.v201510161327" />

          <property name="java.runtime.version" value="1.8.0_121-b13" />

          <property name="user.name" value="mohit" />

          <property name="ant.build.javac.target" value="1.8" />

          <property name="user.language" value="en" />

          <property name="sun.boot.library.path" value="F:\Java_se\jdk1.8.0_121\jre\bin" />

          <property name="grader.report.file" value="my-grader-report.xml" />

          <property name="ant.project.default-target" value="all" />

          <property name="java.version" value="1.8.0_121" />

          <property name="user.timezone" value="" />

          <property name="sun.arch.data.model" value="32" />

          <property name="java.endorsed.dirs" value="F:\Java_se\jdk1.8.0_121\jre\lib\endorsed" />

          <property name="sun.cpu.isalist" value="pentium_pro+mmx pentium_pro pentium+mmx pentium i486 i386 i86" />

          <property name="sun.jnu.encoding" value="Cp1252" />

          <property name="file.encoding.pkg" value="sun.io" />

          <property name="file.separator" value="\" />

          <property name="java.specification.name" value="Java Platform API Specification" />

          <property name="java.class.version" value="52.0" />

          <property name="user.country" value="US" />

          <property name="java.home" value="F:\Java_se\jdk1.8.0_121\jre" />

          <property name="java.vm.info" value="mixed mode" />

          <property name="ant.file" value="C:\Users\mohit\Desktop\Java_ps\ps3\grader.xml" />

          <property name="os.version" value="6.1" />

          <property name="final.grader.jar" value="ps3-final-grader.jar" />

          <property name="path.separator" value=";" />

          <property name="java.vm.version" value="25.121-b13" />

          <property name="user.variant" value="" />

          <property name="ant.library.dir" value="C:\Users\mohit\.p2\pool\plugins\org.apache.ant_1.9.6.v201510161327\lib" />

          <property name="java.awt.printerjob" value="sun.awt.windows.WPrinterJob" />

          <property name="sun.io.unicode.encoding" value="UnicodeLittle" />

          <property name="awt.toolkit" value="sun.awt.windows.WToolkit" />

          <property name="user.script" value="" />

          <property name="user.home" value="C:\Users\mohit" />

          <property name="java.specification.vendor" value="Oracle Corporation" />

          <property name="which.tests.ran" value="BETA" />

          <property name="java.library.path" value="F:\Java_se\jdk1.8.0_121\jre\bin;C:\Windows\Sun\Java\bin;C:\Windows\system32;C:\Windows;F:/Java_se1/jre1.8.0_121/bin/client;F:/Java_se1/jre1.8.0_121/bin;F:/Java_se1/jre1.8.0_121/lib/i386;C:\ProgramData\Oracle\Java\javapath;C:\Program Files\Common Files\Microsoft Shared\Windows Live;C:\Windows\system32;C:\Windows;C:\Windows\System32\Wbem;C:\Windows\System32\WindowsPowerShell\v1.0\;C:\Program Files\Windows Live\Shared;C:\Program Files\Git\cmd;C:\Windows\system32;;." />

          <property name="java.vendor.url" value="http://java.oracle.com/" />

          <property name="java.vm.vendor" value="Oracle Corporation" />

          <property name="java.runtime.name" value="Java(TM) SE Runtime Environment" />

          <property name="beta.grader.jar" value="ps3-beta-grader.jar" />

          <property name="sun.java.command" value="org.apache.tools.ant.taskdefs.optional.junit.JUnitTestRunner library.BookCopyTest skipNonTests=false filtertrace=true haltOnError=false haltOnFailure=false showoutput=false outputtoformatters=true logfailedtests=true threadid=0 logtestlistenerevents=false formatter=org.apache.tools.ant.taskdefs.optional.junit.XMLJUnitResultFormatter,C:\Users\mohit\Desktop\Java_ps\ps3\.grader\TEST-library.BookCopyTest.xml crashfile=C:\Users\mohit\Desktop\Java_ps\ps3\.grader\junitvmwatcher2437455280294303458.properties propsfile=C:\Users\mohit\Desktop\Java_ps\ps3\.grader\junit2019453938361803467.properties" />

          <property name="java.class.path" value="C:\Users\mohit\Desktop\Java_ps\ps3\lib\junit-4.12.jar;C:\Users\mohit\Desktop\Java_ps\ps3\lib\hamcrest-core-1.3.jar;C:\Users\mohit\Desktop\Java_ps\ps3\.grader\bin-student;C:\Users\mohit\.p2\pool\plugins\org.apache.ant_1.9.6.v201510161327\lib\ant-launcher.jar;C:\Users\mohit\.p2\pool\plugins\org.apache.ant_1.9.6.v201510161327\lib\ant.jar;C:\Users\mohit\.p2\pool\plugins\org.apache.ant_1.9.6.v201510161327\lib\ant-junit.jar;C:\Users\mohit\.p2\pool\plugins\org.apache.ant_1.9.6.v201510161327\lib\ant-junit4.jar" />

          <property name="ant.version" value="Apache Ant(TM) version 1.9.6 compiled on June 29 2015" />

          <property name="project.name" value="ps3-library" />

          <property name="java.vm.specification.name" value="Java Virtual Machine Specification" />

          <property name="java.vm.specification.version" value="1.8" />

          <property name="sun.cpu.endian" value="little" />

          <property name="didit.desc" value="Running your tests against your implementation." />

          <property name="sun.os.patch.level" value="Service Pack 1" />

          <property name="java.io.tmpdir" value="C:\Users\mohit\AppData\Local\Temp\" />

          <property name="java.vendor.url.bug" value="http://bugreport.sun.com/bugreport/" />

          <property name="os.arch" value="x86" />

          <property name="java.awt.graphicsenv" value="sun.awt.Win32GraphicsEnvironment" />

          <property name="java.ext.dirs" value="F:\Java_se\jdk1.8.0_121\jre\lib\ext;C:\Windows\Sun\Java\lib\ext" />

          <property name="user.dir" value="C:\Users\mohit\Desktop\Java_ps\ps3" />

          <property name="line.separator" value="&#xd;&#xa;" />

          <property name="zipfile" value="my-submission.zip" />

          <property name="java.vm.name" value="Java HotSpot(TM) Client VM" />

          <property name="problem.set" value="ps3" />

          <property name="basedir" value="C:\Users\mohit\Desktop\Java_ps\ps3" />

          <property name="ant.java.version" value="1.8" />

          <property name="ant.core.lib" value="C:\Users\mohit\.p2\pool\plugins\org.apache.ant_1.9.6.v201510161327\lib\ant.jar" />

          <property name="file.encoding" value="Cp1252" />

          <property name="java.specification.version" value="1.8" />

          <property name="grader.dir" value=".grader" />

          <property name="ant.project.invoked-targets" value="all" />

      </properties>

      <testcase classname="library.BookCopyTest" name="testAssertionsEnabled" time="0.002" />

      <testcase classname="library.BookCopyTest" name="testExampleTest" time="0.011">
          <error message="not implemented yet" type="java.lang.RuntimeException">java.lang.RuntimeException: not implemented yet
	at library.BookCopy.&lt;init&gt;(BookCopy.java:25)
	at library.BookCopyTest.testExampleTest(BookCopyTest.java:25)
</error>

      </testcase>

      <system-out><![CDATA[]]></system-out>

      <system-err><![CDATA[]]></system-err>

  </testsuite>
  <testsuite errors="0" failures="0" hostname="mohit-PC" id="2" name="BookTest" package="library" skipped="0" tests="2" time="0.137" timestamp="2017-04-29T07:05:55">
      <properties>
          <property name="java.vendor" value="Oracle Corporation" />

          <property name="sun.java.launcher" value="SUN_STANDARD" />

          <property name="sun.management.compiler" value="HotSpot Client Compiler" />

          <property name="build.sysclasspath" value="ignore" />

          <property name="os.name" value="Windows 7" />

          <property name="sun.boot.class.path" value="F:\Java_se\jdk1.8.0_121\jre\lib\resources.jar;F:\Java_se\jdk1.8.0_121\jre\lib\rt.jar;F:\Java_se\jdk1.8.0_121\jre\lib\sunrsasign.jar;F:\Java_se\jdk1.8.0_121\jre\lib\jsse.jar;F:\Java_se\jdk1.8.0_121\jre\lib\jce.jar;F:\Java_se\jdk1.8.0_121\jre\lib\charsets.jar;F:\Java_se\jdk1.8.0_121\jre\lib\jfr.jar;F:\Java_se\jdk1.8.0_121\jre\classes" />

          <property name="sun.desktop" value="windows" />

          <property name="java.vm.specification.vendor" value="Oracle Corporation" />

          <property name="ant.home" value="C:\Users\mohit\.p2\pool\plugins\org.apache.ant_1.9.6.v201510161327" />

          <property name="java.runtime.version" value="1.8.0_121-b13" />

          <property name="user.name" value="mohit" />

          <property name="ant.build.javac.target" value="1.8" />

          <property name="user.language" value="en" />

          <property name="sun.boot.library.path" value="F:\Java_se\jdk1.8.0_121\jre\bin" />

          <property name="grader.report.file" value="my-grader-report.xml" />

          <property name="ant.project.default-target" value="all" />

          <property name="java.version" value="1.8.0_121" />

          <property name="user.timezone" value="" />

          <property name="sun.arch.data.model" value="32" />

          <property name="java.endorsed.dirs" value="F:\Java_se\jdk1.8.0_121\jre\lib\endorsed" />

          <property name="sun.cpu.isalist" value="pentium_pro+mmx pentium_pro pentium+mmx pentium i486 i386 i86" />

          <property name="sun.jnu.encoding" value="Cp1252" />

          <property name="file.encoding.pkg" value="sun.io" />

          <property name="file.separator" value="\" />

          <property name="java.specification.name" value="Java Platform API Specification" />

          <property name="java.class.version" value="52.0" />

          <property name="user.country" value="US" />

          <property name="java.home" value="F:\Java_se\jdk1.8.0_121\jre" />

          <property name="java.vm.info" value="mixed mode" />

          <property name="ant.file" value="C:\Users\mohit\Desktop\Java_ps\ps3\grader.xml" />

          <property name="os.version" value="6.1" />

          <property name="final.grader.jar" value="ps3-final-grader.jar" />

          <property name="path.separator" value=";" />

          <property name="java.vm.version" value="25.121-b13" />

          <property name="user.variant" value="" />

          <property name="ant.library.dir" value="C:\Users\mohit\.p2\pool\plugins\org.apache.ant_1.9.6.v201510161327\lib" />

          <property name="java.awt.printerjob" value="sun.awt.windows.WPrinterJob" />

          <property name="sun.io.unicode.encoding" value="UnicodeLittle" />

          <property name="awt.toolkit" value="sun.awt.windows.WToolkit" />

          <property name="user.script" value="" />

          <property name="user.home" value="C:\Users\mohit" />

          <property name="java.specification.vendor" value="Oracle Corporation" />

          <property name="which.tests.ran" value="BETA" />

          <property name="java.library.path" value="F:\Java_se\jdk1.8.0_121\jre\bin;C:\Windows\Sun\Java\bin;C:\Windows\system32;C:\Windows;F:/Java_se1/jre1.8.0_121/bin/client;F:/Java_se1/jre1.8.0_121/bin;F:/Java_se1/jre1.8.0_121/lib/i386;C:\ProgramData\Oracle\Java\javapath;C:\Program Files\Common Files\Microsoft Shared\Windows Live;C:\Windows\system32;C:\Windows;C:\Windows\System32\Wbem;C:\Windows\System32\WindowsPowerShell\v1.0\;C:\Program Files\Windows Live\Shared;C:\Program Files\Git\cmd;C:\Windows\system32;;." />

          <property name="java.vendor.url" value="http://java.oracle.com/" />

          <property name="java.vm.vendor" value="Oracle Corporation" />

          <property name="java.runtime.name" value="Java(TM) SE Runtime Environment" />

          <property name="beta.grader.jar" value="ps3-beta-grader.jar" />

          <property name="sun.java.command" value="org.apache.tools.ant.taskdefs.optional.junit.JUnitTestRunner library.BookTest skipNonTests=false filtertrace=true haltOnError=false haltOnFailure=false showoutput=false outputtoformatters=true logfailedtests=true threadid=0 logtestlistenerevents=false formatter=org.apache.tools.ant.taskdefs.optional.junit.XMLJUnitResultFormatter,C:\Users\mohit\Desktop\Java_ps\ps3\.grader\TEST-library.BookTest.xml crashfile=C:\Users\mohit\Desktop\Java_ps\ps3\.grader\junitvmwatcher8998534943396025594.properties propsfile=C:\Users\mohit\Desktop\Java_ps\ps3\.grader\junit2527770415956663560.properties" />

          <property name="java.class.path" value="C:\Users\mohit\Desktop\Java_ps\ps3\lib\junit-4.12.jar;C:\Users\mohit\Desktop\Java_ps\ps3\lib\hamcrest-core-1.3.jar;C:\Users\mohit\Desktop\Java_ps\ps3\.grader\bin-student;C:\Users\mohit\.p2\pool\plugins\org.apache.ant_1.9.6.v201510161327\lib\ant-launcher.jar;C:\Users\mohit\.p2\pool\plugins\org.apache.ant_1.9.6.v201510161327\lib\ant.jar;C:\Users\mohit\.p2\pool\plugins\org.apache.ant_1.9.6.v201510161327\lib\ant-junit.jar;C:\Users\mohit\.p2\pool\plugins\org.apache.ant_1.9.6.v201510161327\lib\ant-junit4.jar" />

          <property name="ant.version" value="Apache Ant(TM) version 1.9.6 compiled on June 29 2015" />

          <property name="project.name" value="ps3-library" />

          <property name="java.vm.specification.name" value="Java Virtual Machine Specification" />

          <property name="java.vm.specification.version" value="1.8" />

          <property name="sun.cpu.endian" value="little" />

          <property name="didit.desc" value="Running your tests against your implementation." />

          <property name="sun.os.patch.level" value="Service Pack 1" />

          <property name="java.io.tmpdir" value="C:\Users\mohit\AppData\Local\Temp\" />

          <property name="java.vendor.url.bug" value="http://bugreport.sun.com/bugreport/" />

          <property name="os.arch" value="x86" />

          <property name="java.awt.graphicsenv" value="sun.awt.Win32GraphicsEnvironment" />

          <property name="java.ext.dirs" value="F:\Java_se\jdk1.8.0_121\jre\lib\ext;C:\Windows\Sun\Java\lib\ext" />

          <property name="user.dir" value="C:\Users\mohit\Desktop\Java_ps\ps3" />

          <property name="line.separator" value="&#xd;&#xa;" />

          <property name="zipfile" value="my-submission.zip" />

          <property name="java.vm.name" value="Java HotSpot(TM) Client VM" />

          <property name="problem.set" value="ps3" />

          <property name="basedir" value="C:\Users\mohit\Desktop\Java_ps\ps3" />

          <property name="ant.java.version" value="1.8" />

          <property name="ant.core.lib" value="C:\Users\mohit\.p2\pool\plugins\org.apache.ant_1.9.6.v201510161327\lib\ant.jar" />

          <property name="file.encoding" value="Cp1252" />

          <property name="java.specification.version" value="1.8" />

          <property name="grader.dir" value=".grader" />

          <property name="ant.project.invoked-targets" value="all" />

      </properties>

      <testcase classname="library.BookTest" name="testAssertionsEnabled" time="0.001" />

      <testcase classname="library.BookTest" name="testExampleTest" time="0.001" />

      <system-out><![CDATA[]]></system-out>

      <system-err><![CDATA[]]></system-err>

  </testsuite>
  <testsuite errors="2" failures="0" hostname="mohit-PC" id="3" name="LibraryTest" package="library" skipped="0" tests="4" time="0.155" timestamp="2017-04-29T07:05:56">
      <properties>
          <property name="java.vendor" value="Oracle Corporation" />

          <property name="sun.java.launcher" value="SUN_STANDARD" />

          <property name="sun.management.compiler" value="HotSpot Client Compiler" />

          <property name="build.sysclasspath" value="ignore" />

          <property name="os.name" value="Windows 7" />

          <property name="sun.boot.class.path" value="F:\Java_se\jdk1.8.0_121\jre\lib\resources.jar;F:\Java_se\jdk1.8.0_121\jre\lib\rt.jar;F:\Java_se\jdk1.8.0_121\jre\lib\sunrsasign.jar;F:\Java_se\jdk1.8.0_121\jre\lib\jsse.jar;F:\Java_se\jdk1.8.0_121\jre\lib\jce.jar;F:\Java_se\jdk1.8.0_121\jre\lib\charsets.jar;F:\Java_se\jdk1.8.0_121\jre\lib\jfr.jar;F:\Java_se\jdk1.8.0_121\jre\classes" />

          <property name="sun.desktop" value="windows" />

          <property name="java.vm.specification.vendor" value="Oracle Corporation" />

          <property name="ant.home" value="C:\Users\mohit\.p2\pool\plugins\org.apache.ant_1.9.6.v201510161327" />

          <property name="java.runtime.version" value="1.8.0_121-b13" />

          <property name="user.name" value="mohit" />

          <property name="ant.build.javac.target" value="1.8" />

          <property name="user.language" value="en" />

          <property name="sun.boot.library.path" value="F:\Java_se\jdk1.8.0_121\jre\bin" />

          <property name="grader.report.file" value="my-grader-report.xml" />

          <property name="ant.project.default-target" value="all" />

          <property name="java.version" value="1.8.0_121" />

          <property name="user.timezone" value="" />

          <property name="sun.arch.data.model" value="32" />

          <property name="java.endorsed.dirs" value="F:\Java_se\jdk1.8.0_121\jre\lib\endorsed" />

          <property name="sun.cpu.isalist" value="pentium_pro+mmx pentium_pro pentium+mmx pentium i486 i386 i86" />

          <property name="sun.jnu.encoding" value="Cp1252" />

          <property name="file.encoding.pkg" value="sun.io" />

          <property name="file.separator" value="\" />

          <property name="java.specification.name" value="Java Platform API Specification" />

          <property name="java.class.version" value="52.0" />

          <property name="user.country" value="US" />

          <property name="java.home" value="F:\Java_se\jdk1.8.0_121\jre" />

          <property name="java.vm.info" value="mixed mode" />

          <property name="ant.file" value="C:\Users\mohit\Desktop\Java_ps\ps3\grader.xml" />

          <property name="os.version" value="6.1" />

          <property name="final.grader.jar" value="ps3-final-grader.jar" />

          <property name="path.separator" value=";" />

          <property name="java.vm.version" value="25.121-b13" />

          <property name="user.variant" value="" />

          <property name="ant.library.dir" value="C:\Users\mohit\.p2\pool\plugins\org.apache.ant_1.9.6.v201510161327\lib" />

          <property name="java.awt.printerjob" value="sun.awt.windows.WPrinterJob" />

          <property name="sun.io.unicode.encoding" value="UnicodeLittle" />

          <property name="awt.toolkit" value="sun.awt.windows.WToolkit" />

          <property name="user.script" value="" />

          <property name="user.home" value="C:\Users\mohit" />

          <property name="java.specification.vendor" value="Oracle Corporation" />

          <property name="which.tests.ran" value="BETA" />

          <property name="java.library.path" value="F:\Java_se\jdk1.8.0_121\jre\bin;C:\Windows\Sun\Java\bin;C:\Windows\system32;C:\Windows;F:/Java_se1/jre1.8.0_121/bin/client;F:/Java_se1/jre1.8.0_121/bin;F:/Java_se1/jre1.8.0_121/lib/i386;C:\ProgramData\Oracle\Java\javapath;C:\Program Files\Common Files\Microsoft Shared\Windows Live;C:\Windows\system32;C:\Windows;C:\Windows\System32\Wbem;C:\Windows\System32\WindowsPowerShell\v1.0\;C:\Program Files\Windows Live\Shared;C:\Program Files\Git\cmd;C:\Windows\system32;;." />

          <property name="java.vendor.url" value="http://java.oracle.com/" />

          <property name="java.vm.vendor" value="Oracle Corporation" />

          <property name="java.runtime.name" value="Java(TM) SE Runtime Environment" />

          <property name="beta.grader.jar" value="ps3-beta-grader.jar" />

          <property name="sun.java.command" value="org.apache.tools.ant.taskdefs.optional.junit.JUnitTestRunner library.LibraryTest skipNonTests=false filtertrace=true haltOnError=false haltOnFailure=false showoutput=false outputtoformatters=true logfailedtests=true threadid=0 logtestlistenerevents=false formatter=org.apache.tools.ant.taskdefs.optional.junit.XMLJUnitResultFormatter,C:\Users\mohit\Desktop\Java_ps\ps3\.grader\TEST-library.LibraryTest.xml crashfile=C:\Users\mohit\Desktop\Java_ps\ps3\.grader\junitvmwatcher3842357858911738020.properties propsfile=C:\Users\mohit\Desktop\Java_ps\ps3\.grader\junit1197697463196087636.properties" />

          <property name="java.class.path" value="C:\Users\mohit\Desktop\Java_ps\ps3\lib\junit-4.12.jar;C:\Users\mohit\Desktop\Java_ps\ps3\lib\hamcrest-core-1.3.jar;C:\Users\mohit\Desktop\Java_ps\ps3\.grader\bin-student;C:\Users\mohit\.p2\pool\plugins\org.apache.ant_1.9.6.v201510161327\lib\ant-launcher.jar;C:\Users\mohit\.p2\pool\plugins\org.apache.ant_1.9.6.v201510161327\lib\ant.jar;C:\Users\mohit\.p2\pool\plugins\org.apache.ant_1.9.6.v201510161327\lib\ant-junit.jar;C:\Users\mohit\.p2\pool\plugins\org.apache.ant_1.9.6.v201510161327\lib\ant-junit4.jar" />

          <property name="ant.version" value="Apache Ant(TM) version 1.9.6 compiled on June 29 2015" />

          <property name="project.name" value="ps3-library" />

          <property name="java.vm.specification.name" value="Java Virtual Machine Specification" />

          <property name="java.vm.specification.version" value="1.8" />

          <property name="sun.cpu.endian" value="little" />

          <property name="didit.desc" value="Running your tests against your implementation." />

          <property name="sun.os.patch.level" value="Service Pack 1" />

          <property name="java.io.tmpdir" value="C:\Users\mohit\AppData\Local\Temp\" />

          <property name="java.vendor.url.bug" value="http://bugreport.sun.com/bugreport/" />

          <property name="os.arch" value="x86" />

          <property name="java.awt.graphicsenv" value="sun.awt.Win32GraphicsEnvironment" />

          <property name="java.ext.dirs" value="F:\Java_se\jdk1.8.0_121\jre\lib\ext;C:\Windows\Sun\Java\lib\ext" />

          <property name="user.dir" value="C:\Users\mohit\Desktop\Java_ps\ps3" />

          <property name="line.separator" value="&#xd;&#xa;" />

          <property name="zipfile" value="my-submission.zip" />

          <property name="java.vm.name" value="Java HotSpot(TM) Client VM" />

          <property name="problem.set" value="ps3" />

          <property name="basedir" value="C:\Users\mohit\Desktop\Java_ps\ps3" />

          <property name="ant.java.version" value="1.8" />

          <property name="ant.core.lib" value="C:\Users\mohit\.p2\pool\plugins\org.apache.ant_1.9.6.v201510161327\lib\ant.jar" />

          <property name="file.encoding" value="Cp1252" />

          <property name="java.specification.version" value="1.8" />

          <property name="grader.dir" value=".grader" />

          <property name="ant.project.invoked-targets" value="all" />

      </properties>

      <testcase classname="library.LibraryTest" name="testAssertionsEnabled[library.SmallLibrary]" time="0.001" />

      <testcase classname="library.LibraryTest" name="testExampleTest[library.SmallLibrary]" time="0.017">
          <error message="not implemented yet" type="java.lang.RuntimeException">java.lang.RuntimeException: not implemented yet
	at library.SmallLibrary.&lt;init&gt;(SmallLibrary.java:32)
	at java.lang.reflect.Constructor.newInstance(Constructor.java:423)
	at java.lang.Class.newInstance(Class.java:442)
	at library.LibraryTest.makeLibrary(LibraryTest.java:54)
	at library.LibraryTest.testExampleTest(LibraryTest.java:76)
</error>

      </testcase>

      <testcase classname="library.LibraryTest" name="testAssertionsEnabled[library.BigLibrary]" time="0.001" />

      <testcase classname="library.LibraryTest" name="testExampleTest[library.BigLibrary]" time="0.002">
          <error message="not implemented yet" type="java.lang.RuntimeException">java.lang.RuntimeException: not implemented yet
	at library.BigLibrary.&lt;init&gt;(BigLibrary.java:22)
	at java.lang.reflect.Constructor.newInstance(Constructor.java:423)
	at java.lang.Class.newInstance(Class.java:442)
	at library.LibraryTest.makeLibrary(LibraryTest.java:54)
	at library.LibraryTest.testExampleTest(LibraryTest.java:76)
</error>

      </testcase>

      <system-out><![CDATA[]]></system-out>

      <system-err><![CDATA[]]></system-err>

  </testsuite>
  <testsuite errors="3" failures="0" hostname="mohit-PC" id="4" name="BookCopyTest" package="library.beta" skipped="0" tests="4" time="0.154" timestamp="2017-04-29T07:05:56">
      <properties>
          <property name="java.vendor" value="Oracle Corporation" />

          <property name="sun.java.launcher" value="SUN_STANDARD" />

          <property name="sun.management.compiler" value="HotSpot Client Compiler" />

          <property name="build.sysclasspath" value="ignore" />

          <property name="os.name" value="Windows 7" />

          <property name="sun.boot.class.path" value="F:\Java_se\jdk1.8.0_121\jre\lib\resources.jar;F:\Java_se\jdk1.8.0_121\jre\lib\rt.jar;F:\Java_se\jdk1.8.0_121\jre\lib\sunrsasign.jar;F:\Java_se\jdk1.8.0_121\jre\lib\jsse.jar;F:\Java_se\jdk1.8.0_121\jre\lib\jce.jar;F:\Java_se\jdk1.8.0_121\jre\lib\charsets.jar;F:\Java_se\jdk1.8.0_121\jre\lib\jfr.jar;F:\Java_se\jdk1.8.0_121\jre\classes" />

          <property name="sun.desktop" value="windows" />

          <property name="java.vm.specification.vendor" value="Oracle Corporation" />

          <property name="ant.home" value="C:\Users\mohit\.p2\pool\plugins\org.apache.ant_1.9.6.v201510161327" />

          <property name="java.runtime.version" value="1.8.0_121-b13" />

          <property name="user.name" value="mohit" />

          <property name="ant.build.javac.target" value="1.8" />

          <property name="user.language" value="en" />

          <property name="sun.boot.library.path" value="F:\Java_se\jdk1.8.0_121\jre\bin" />

          <property name="grader.report.file" value="my-grader-report.xml" />

          <property name="ant.project.default-target" value="all" />

          <property name="java.version" value="1.8.0_121" />

          <property name="user.timezone" value="" />

          <property name="sun.arch.data.model" value="32" />

          <property name="java.endorsed.dirs" value="F:\Java_se\jdk1.8.0_121\jre\lib\endorsed" />

          <property name="sun.cpu.isalist" value="pentium_pro+mmx pentium_pro pentium+mmx pentium i486 i386 i86" />

          <property name="sun.jnu.encoding" value="Cp1252" />

          <property name="file.encoding.pkg" value="sun.io" />

          <property name="file.separator" value="\" />

          <property name="java.specification.name" value="Java Platform API Specification" />

          <property name="java.class.version" value="52.0" />

          <property name="user.country" value="US" />

          <property name="java.home" value="F:\Java_se\jdk1.8.0_121\jre" />

          <property name="java.vm.info" value="mixed mode" />

          <property name="ant.file" value="C:\Users\mohit\Desktop\Java_ps\ps3\grader.xml" />

          <property name="os.version" value="6.1" />

          <property name="final.grader.jar" value="ps3-final-grader.jar" />

          <property name="path.separator" value=";" />

          <property name="java.vm.version" value="25.121-b13" />

          <property name="user.variant" value="" />

          <property name="ant.library.dir" value="C:\Users\mohit\.p2\pool\plugins\org.apache.ant_1.9.6.v201510161327\lib" />

          <property name="java.awt.printerjob" value="sun.awt.windows.WPrinterJob" />

          <property name="sun.io.unicode.encoding" value="UnicodeLittle" />

          <property name="awt.toolkit" value="sun.awt.windows.WToolkit" />

          <property name="user.script" value="" />

          <property name="user.home" value="C:\Users\mohit" />

          <property name="java.specification.vendor" value="Oracle Corporation" />

          <property name="which.tests.ran" value="BETA" />

          <property name="java.library.path" value="F:\Java_se\jdk1.8.0_121\jre\bin;C:\Windows\Sun\Java\bin;C:\Windows\system32;C:\Windows;F:/Java_se1/jre1.8.0_121/bin/client;F:/Java_se1/jre1.8.0_121/bin;F:/Java_se1/jre1.8.0_121/lib/i386;C:\ProgramData\Oracle\Java\javapath;C:\Program Files\Common Files\Microsoft Shared\Windows Live;C:\Windows\system32;C:\Windows;C:\Windows\System32\Wbem;C:\Windows\System32\WindowsPowerShell\v1.0\;C:\Program Files\Windows Live\Shared;C:\Program Files\Git\cmd;C:\Windows\system32;;." />

          <property name="java.vendor.url" value="http://java.oracle.com/" />

          <property name="java.vm.vendor" value="Oracle Corporation" />

          <property name="java.runtime.name" value="Java(TM) SE Runtime Environment" />

          <property name="beta.grader.jar" value="ps3-beta-grader.jar" />

          <property name="sun.java.command" value="org.apache.tools.ant.taskdefs.optional.junit.JUnitTestRunner library.beta.BookCopyTest skipNonTests=false filtertrace=true haltOnError=false haltOnFailure=false showoutput=false outputtoformatters=true logfailedtests=true threadid=0 logtestlistenerevents=false formatter=org.apache.tools.ant.taskdefs.optional.junit.XMLJUnitResultFormatter,C:\Users\mohit\Desktop\Java_ps\ps3\.grader\TEST-library.beta.BookCopyTest.xml crashfile=C:\Users\mohit\Desktop\Java_ps\ps3\.grader\junitvmwatcher4428100612772143057.properties propsfile=C:\Users\mohit\Desktop\Java_ps\ps3\.grader\junit2223602561229290797.properties" />

          <property name="java.class.path" value="C:\Users\mohit\Desktop\Java_ps\ps3\lib\junit-4.12.jar;C:\Users\mohit\Desktop\Java_ps\ps3\lib\hamcrest-core-1.3.jar;C:\Users\mohit\Desktop\Java_ps\ps3\.grader\bin-student;C:\Users\mohit\.p2\pool\plugins\org.apache.ant_1.9.6.v201510161327\lib\ant-launcher.jar;C:\Users\mohit\.p2\pool\plugins\org.apache.ant_1.9.6.v201510161327\lib\ant.jar;C:\Users\mohit\.p2\pool\plugins\org.apache.ant_1.9.6.v201510161327\lib\ant-junit.jar;C:\Users\mohit\.p2\pool\plugins\org.apache.ant_1.9.6.v201510161327\lib\ant-junit4.jar" />

          <property name="ant.version" value="Apache Ant(TM) version 1.9.6 compiled on June 29 2015" />

          <property name="project.name" value="ps3-library" />

          <property name="java.vm.specification.name" value="Java Virtual Machine Specification" />

          <property name="java.vm.specification.version" value="1.8" />

          <property name="sun.cpu.endian" value="little" />

          <property name="didit.desc" value="Running our beta tests against your implementation." />

          <property name="sun.os.patch.level" value="Service Pack 1" />

          <property name="java.io.tmpdir" value="C:\Users\mohit\AppData\Local\Temp\" />

          <property name="java.vendor.url.bug" value="http://bugreport.sun.com/bugreport/" />

          <property name="os.arch" value="x86" />

          <property name="java.awt.graphicsenv" value="sun.awt.Win32GraphicsEnvironment" />

          <property name="java.ext.dirs" value="F:\Java_se\jdk1.8.0_121\jre\lib\ext;C:\Windows\Sun\Java\lib\ext" />

          <property name="user.dir" value="C:\Users\mohit\Desktop\Java_ps\ps3" />

          <property name="line.separator" value="&#xd;&#xa;" />

          <property name="zipfile" value="my-submission.zip" />

          <property name="java.vm.name" value="Java HotSpot(TM) Client VM" />

          <property name="problem.set" value="ps3" />

          <property name="basedir" value="C:\Users\mohit\Desktop\Java_ps\ps3" />

          <property name="ant.java.version" value="1.8" />

          <property name="ant.core.lib" value="C:\Users\mohit\.p2\pool\plugins\org.apache.ant_1.9.6.v201510161327\lib\ant.jar" />

          <property name="file.encoding" value="Cp1252" />

          <property name="java.specification.version" value="1.8" />

          <property name="grader.dir" value=".grader" />

          <property name="ant.project.invoked-targets" value="all" />

      </properties>

      <testcase classname="library.beta.BookCopyTest" name="testEqualsHashcode" time="0.014">
          <error message="not implemented yet" type="java.lang.RuntimeException">java.lang.RuntimeException: not implemented yet
	at library.BookCopy.&lt;init&gt;(BookCopy.java:25)
	at library.beta.BookCopyTest.testEqualsHashcode(BookCopyTest.java:57)
</error>

      </testcase>

      <testcase classname="library.beta.BookCopyTest" name="testGetBook" time="0.001">
          <error message="not implemented yet" type="java.lang.RuntimeException">java.lang.RuntimeException: not implemented yet
	at library.BookCopy.&lt;init&gt;(BookCopy.java:25)
	at library.beta.BookCopyTest.testGetBook(BookCopyTest.java:31)
</error>

      </testcase>

      <testcase classname="library.beta.BookCopyTest" name="testAssertionsEnabled" time="0.0" />

      <testcase classname="library.beta.BookCopyTest" name="testCondition" time="0.007">
          <error message="not implemented yet" type="java.lang.RuntimeException">java.lang.RuntimeException: not implemented yet
	at library.BookCopy.&lt;init&gt;(BookCopy.java:25)
	at library.beta.BookCopyTest.testCondition(BookCopyTest.java:40)
</error>

      </testcase>

      <system-out><![CDATA[]]></system-out>

      <system-err><![CDATA[]]></system-err>

  </testsuite>
  <testsuite errors="0" failures="1" hostname="mohit-PC" id="5" name="BookTest" package="library.beta" skipped="0" tests="4" time="0.213" timestamp="2017-04-29T07:05:57">
      <properties>
          <property name="java.vendor" value="Oracle Corporation" />

          <property name="sun.java.launcher" value="SUN_STANDARD" />

          <property name="sun.management.compiler" value="HotSpot Client Compiler" />

          <property name="build.sysclasspath" value="ignore" />

          <property name="os.name" value="Windows 7" />

          <property name="sun.boot.class.path" value="F:\Java_se\jdk1.8.0_121\jre\lib\resources.jar;F:\Java_se\jdk1.8.0_121\jre\lib\rt.jar;F:\Java_se\jdk1.8.0_121\jre\lib\sunrsasign.jar;F:\Java_se\jdk1.8.0_121\jre\lib\jsse.jar;F:\Java_se\jdk1.8.0_121\jre\lib\jce.jar;F:\Java_se\jdk1.8.0_121\jre\lib\charsets.jar;F:\Java_se\jdk1.8.0_121\jre\lib\jfr.jar;F:\Java_se\jdk1.8.0_121\jre\classes" />

          <property name="sun.desktop" value="windows" />

          <property name="java.vm.specification.vendor" value="Oracle Corporation" />

          <property name="ant.home" value="C:\Users\mohit\.p2\pool\plugins\org.apache.ant_1.9.6.v201510161327" />

          <property name="java.runtime.version" value="1.8.0_121-b13" />

          <property name="user.name" value="mohit" />

          <property name="ant.build.javac.target" value="1.8" />

          <property name="user.language" value="en" />

          <property name="sun.boot.library.path" value="F:\Java_se\jdk1.8.0_121\jre\bin" />

          <property name="grader.report.file" value="my-grader-report.xml" />

          <property name="ant.project.default-target" value="all" />

          <property name="java.version" value="1.8.0_121" />

          <property name="user.timezone" value="" />

          <property name="sun.arch.data.model" value="32" />

          <property name="java.endorsed.dirs" value="F:\Java_se\jdk1.8.0_121\jre\lib\endorsed" />

          <property name="sun.cpu.isalist" value="pentium_pro+mmx pentium_pro pentium+mmx pentium i486 i386 i86" />

          <property name="sun.jnu.encoding" value="Cp1252" />

          <property name="file.encoding.pkg" value="sun.io" />

          <property name="file.separator" value="\" />

          <property name="java.specification.name" value="Java Platform API Specification" />

          <property name="java.class.version" value="52.0" />

          <property name="user.country" value="US" />

          <property name="java.home" value="F:\Java_se\jdk1.8.0_121\jre" />

          <property name="java.vm.info" value="mixed mode" />

          <property name="ant.file" value="C:\Users\mohit\Desktop\Java_ps\ps3\grader.xml" />

          <property name="os.version" value="6.1" />

          <property name="final.grader.jar" value="ps3-final-grader.jar" />

          <property name="path.separator" value=";" />

          <property name="java.vm.version" value="25.121-b13" />

          <property name="user.variant" value="" />

          <property name="ant.library.dir" value="C:\Users\mohit\.p2\pool\plugins\org.apache.ant_1.9.6.v201510161327\lib" />

          <property name="java.awt.printerjob" value="sun.awt.windows.WPrinterJob" />

          <property name="sun.io.unicode.encoding" value="UnicodeLittle" />

          <property name="awt.toolkit" value="sun.awt.windows.WToolkit" />

          <property name="user.script" value="" />

          <property name="user.home" value="C:\Users\mohit" />

          <property name="java.specification.vendor" value="Oracle Corporation" />

          <property name="which.tests.ran" value="BETA" />

          <property name="java.library.path" value="F:\Java_se\jdk1.8.0_121\jre\bin;C:\Windows\Sun\Java\bin;C:\Windows\system32;C:\Windows;F:/Java_se1/jre1.8.0_121/bin/client;F:/Java_se1/jre1.8.0_121/bin;F:/Java_se1/jre1.8.0_121/lib/i386;C:\ProgramData\Oracle\Java\javapath;C:\Program Files\Common Files\Microsoft Shared\Windows Live;C:\Windows\system32;C:\Windows;C:\Windows\System32\Wbem;C:\Windows\System32\WindowsPowerShell\v1.0\;C:\Program Files\Windows Live\Shared;C:\Program Files\Git\cmd;C:\Windows\system32;;." />

          <property name="java.vendor.url" value="http://java.oracle.com/" />

          <property name="java.vm.vendor" value="Oracle Corporation" />

          <property name="java.runtime.name" value="Java(TM) SE Runtime Environment" />

          <property name="beta.grader.jar" value="ps3-beta-grader.jar" />

          <property name="sun.java.command" value="org.apache.tools.ant.taskdefs.optional.junit.JUnitTestRunner library.beta.BookTest skipNonTests=false filtertrace=true haltOnError=false haltOnFailure=false showoutput=false outputtoformatters=true logfailedtests=true threadid=0 logtestlistenerevents=false formatter=org.apache.tools.ant.taskdefs.optional.junit.XMLJUnitResultFormatter,C:\Users\mohit\Desktop\Java_ps\ps3\.grader\TEST-library.beta.BookTest.xml crashfile=C:\Users\mohit\Desktop\Java_ps\ps3\.grader\junitvmwatcher7185488337080825223.properties propsfile=C:\Users\mohit\Desktop\Java_ps\ps3\.grader\junit1190812570021357734.properties" />

          <property name="java.class.path" value="C:\Users\mohit\Desktop\Java_ps\ps3\lib\junit-4.12.jar;C:\Users\mohit\Desktop\Java_ps\ps3\lib\hamcrest-core-1.3.jar;C:\Users\mohit\Desktop\Java_ps\ps3\.grader\bin-student;C:\Users\mohit\.p2\pool\plugins\org.apache.ant_1.9.6.v201510161327\lib\ant-launcher.jar;C:\Users\mohit\.p2\pool\plugins\org.apache.ant_1.9.6.v201510161327\lib\ant.jar;C:\Users\mohit\.p2\pool\plugins\org.apache.ant_1.9.6.v201510161327\lib\ant-junit.jar;C:\Users\mohit\.p2\pool\plugins\org.apache.ant_1.9.6.v201510161327\lib\ant-junit4.jar" />

          <property name="ant.version" value="Apache Ant(TM) version 1.9.6 compiled on June 29 2015" />

          <property name="project.name" value="ps3-library" />

          <property name="java.vm.specification.name" value="Java Virtual Machine Specification" />

          <property name="java.vm.specification.version" value="1.8" />

          <property name="sun.cpu.endian" value="little" />

          <property name="didit.desc" value="Running our beta tests against your implementation." />

          <property name="sun.os.patch.level" value="Service Pack 1" />

          <property name="java.io.tmpdir" value="C:\Users\mohit\AppData\Local\Temp\" />

          <property name="java.vendor.url.bug" value="http://bugreport.sun.com/bugreport/" />

          <property name="os.arch" value="x86" />

          <property name="java.awt.graphicsenv" value="sun.awt.Win32GraphicsEnvironment" />

          <property name="java.ext.dirs" value="F:\Java_se\jdk1.8.0_121\jre\lib\ext;C:\Windows\Sun\Java\lib\ext" />

          <property name="user.dir" value="C:\Users\mohit\Desktop\Java_ps\ps3" />

          <property name="line.separator" value="&#xd;&#xa;" />

          <property name="zipfile" value="my-submission.zip" />

          <property name="java.vm.name" value="Java HotSpot(TM) Client VM" />

          <property name="problem.set" value="ps3" />

          <property name="basedir" value="C:\Users\mohit\Desktop\Java_ps\ps3" />

          <property name="ant.java.version" value="1.8" />

          <property name="ant.core.lib" value="C:\Users\mohit\.p2\pool\plugins\org.apache.ant_1.9.6.v201510161327\lib\ant.jar" />

          <property name="file.encoding" value="Cp1252" />

          <property name="java.specification.version" value="1.8" />

          <property name="grader.dir" value=".grader" />

          <property name="ant.project.invoked-targets" value="all" />

      </properties>

      <testcase classname="library.beta.BookTest" name="testNormalBook" time="0.003" />

      <testcase classname="library.beta.BookTest" name="testEqualsHashCode" time="0.008">
          <failure type="junit.framework.AssertionFailedError">junit.framework.AssertionFailedError
	at library.beta.BookTest.testEqualsHashCode(BookTest.java:86)
</failure>

      </testcase>

      <testcase classname="library.beta.BookTest" name="testAssertionsEnabled" time="0.0" />

      <testcase classname="library.beta.BookTest" name="testMinimalBook" time="0.0" />

      <system-out><![CDATA[]]></system-out>

      <system-err><![CDATA[]]></system-err>

  </testsuite>
  <testsuite errors="14" failures="0" hostname="mohit-PC" id="6" name="LibraryTest" package="library.beta" skipped="0" tests="16" time="0.203" timestamp="2017-04-29T07:05:58">
      <properties>
          <property name="java.vendor" value="Oracle Corporation" />

          <property name="sun.java.launcher" value="SUN_STANDARD" />

          <property name="sun.management.compiler" value="HotSpot Client Compiler" />

          <property name="build.sysclasspath" value="ignore" />

          <property name="os.name" value="Windows 7" />

          <property name="sun.boot.class.path" value="F:\Java_se\jdk1.8.0_121\jre\lib\resources.jar;F:\Java_se\jdk1.8.0_121\jre\lib\rt.jar;F:\Java_se\jdk1.8.0_121\jre\lib\sunrsasign.jar;F:\Java_se\jdk1.8.0_121\jre\lib\jsse.jar;F:\Java_se\jdk1.8.0_121\jre\lib\jce.jar;F:\Java_se\jdk1.8.0_121\jre\lib\charsets.jar;F:\Java_se\jdk1.8.0_121\jre\lib\jfr.jar;F:\Java_se\jdk1.8.0_121\jre\classes" />

          <property name="sun.desktop" value="windows" />

          <property name="java.vm.specification.vendor" value="Oracle Corporation" />

          <property name="ant.home" value="C:\Users\mohit\.p2\pool\plugins\org.apache.ant_1.9.6.v201510161327" />

          <property name="java.runtime.version" value="1.8.0_121-b13" />

          <property name="user.name" value="mohit" />

          <property name="ant.build.javac.target" value="1.8" />

          <property name="user.language" value="en" />

          <property name="sun.boot.library.path" value="F:\Java_se\jdk1.8.0_121\jre\bin" />

          <property name="grader.report.file" value="my-grader-report.xml" />

          <property name="ant.project.default-target" value="all" />

          <property name="java.version" value="1.8.0_121" />

          <property name="user.timezone" value="" />

          <property name="sun.arch.data.model" value="32" />

          <property name="java.endorsed.dirs" value="F:\Java_se\jdk1.8.0_121\jre\lib\endorsed" />

          <property name="sun.cpu.isalist" value="pentium_pro+mmx pentium_pro pentium+mmx pentium i486 i386 i86" />

          <property name="sun.jnu.encoding" value="Cp1252" />

          <property name="file.encoding.pkg" value="sun.io" />

          <property name="file.separator" value="\" />

          <property name="java.specification.name" value="Java Platform API Specification" />

          <property name="java.class.version" value="52.0" />

          <property name="user.country" value="US" />

          <property name="java.home" value="F:\Java_se\jdk1.8.0_121\jre" />

          <property name="java.vm.info" value="mixed mode" />

          <property name="ant.file" value="C:\Users\mohit\Desktop\Java_ps\ps3\grader.xml" />

          <property name="os.version" value="6.1" />

          <property name="final.grader.jar" value="ps3-final-grader.jar" />

          <property name="path.separator" value=";" />

          <property name="java.vm.version" value="25.121-b13" />

          <property name="user.variant" value="" />

          <property name="ant.library.dir" value="C:\Users\mohit\.p2\pool\plugins\org.apache.ant_1.9.6.v201510161327\lib" />

          <property name="java.awt.printerjob" value="sun.awt.windows.WPrinterJob" />

          <property name="sun.io.unicode.encoding" value="UnicodeLittle" />

          <property name="awt.toolkit" value="sun.awt.windows.WToolkit" />

          <property name="user.script" value="" />

          <property name="user.home" value="C:\Users\mohit" />

          <property name="java.specification.vendor" value="Oracle Corporation" />

          <property name="which.tests.ran" value="BETA" />

          <property name="java.library.path" value="F:\Java_se\jdk1.8.0_121\jre\bin;C:\Windows\Sun\Java\bin;C:\Windows\system32;C:\Windows;F:/Java_se1/jre1.8.0_121/bin/client;F:/Java_se1/jre1.8.0_121/bin;F:/Java_se1/jre1.8.0_121/lib/i386;C:\ProgramData\Oracle\Java\javapath;C:\Program Files\Common Files\Microsoft Shared\Windows Live;C:\Windows\system32;C:\Windows;C:\Windows\System32\Wbem;C:\Windows\System32\WindowsPowerShell\v1.0\;C:\Program Files\Windows Live\Shared;C:\Program Files\Git\cmd;C:\Windows\system32;;." />

          <property name="java.vendor.url" value="http://java.oracle.com/" />

          <property name="java.vm.vendor" value="Oracle Corporation" />

          <property name="java.runtime.name" value="Java(TM) SE Runtime Environment" />

          <property name="beta.grader.jar" value="ps3-beta-grader.jar" />

          <property name="sun.java.command" value="org.apache.tools.ant.taskdefs.optional.junit.JUnitTestRunner library.beta.LibraryTest skipNonTests=false filtertrace=true haltOnError=false haltOnFailure=false showoutput=false outputtoformatters=true logfailedtests=true threadid=0 logtestlistenerevents=false formatter=org.apache.tools.ant.taskdefs.optional.junit.XMLJUnitResultFormatter,C:\Users\mohit\Desktop\Java_ps\ps3\.grader\TEST-library.beta.LibraryTest.xml crashfile=C:\Users\mohit\Desktop\Java_ps\ps3\.grader\junitvmwatcher3784212816668391118.properties propsfile=C:\Users\mohit\Desktop\Java_ps\ps3\.grader\junit7538910219031014169.properties" />

          <property name="java.class.path" value="C:\Users\mohit\Desktop\Java_ps\ps3\lib\junit-4.12.jar;C:\Users\mohit\Desktop\Java_ps\ps3\lib\hamcrest-core-1.3.jar;C:\Users\mohit\Desktop\Java_ps\ps3\.grader\bin-student;C:\Users\mohit\.p2\pool\plugins\org.apache.ant_1.9.6.v201510161327\lib\ant-launcher.jar;C:\Users\mohit\.p2\pool\plugins\org.apache.ant_1.9.6.v201510161327\lib\ant.jar;C:\Users\mohit\.p2\pool\plugins\org.apache.ant_1.9.6.v201510161327\lib\ant-junit.jar;C:\Users\mohit\.p2\pool\plugins\org.apache.ant_1.9.6.v201510161327\lib\ant-junit4.jar" />

          <property name="ant.version" value="Apache Ant(TM) version 1.9.6 compiled on June 29 2015" />

          <property name="project.name" value="ps3-library" />

          <property name="java.vm.specification.name" value="Java Virtual Machine Specification" />

          <property name="java.vm.specification.version" value="1.8" />

          <property name="sun.cpu.endian" value="little" />

          <property name="didit.desc" value="Running our beta tests against your implementation." />

          <property name="sun.os.patch.level" value="Service Pack 1" />

          <property name="java.io.tmpdir" value="C:\Users\mohit\AppData\Local\Temp\" />

          <property name="java.vendor.url.bug" value="http://bugreport.sun.com/bugreport/" />

          <property name="os.arch" value="x86" />

          <property name="java.awt.graphicsenv" value="sun.awt.Win32GraphicsEnvironment" />

          <property name="java.ext.dirs" value="F:\Java_se\jdk1.8.0_121\jre\lib\ext;C:\Windows\Sun\Java\lib\ext" />

          <property name="user.dir" value="C:\Users\mohit\Desktop\Java_ps\ps3" />

          <property name="line.separator" value="&#xd;&#xa;" />

          <property name="zipfile" value="my-submission.zip" />

          <property name="java.vm.name" value="Java HotSpot(TM) Client VM" />

          <property name="problem.set" value="ps3" />

          <property name="basedir" value="C:\Users\mohit\Desktop\Java_ps\ps3" />

          <property name="ant.java.version" value="1.8" />

          <property name="ant.core.lib" value="C:\Users\mohit\.p2\pool\plugins\org.apache.ant_1.9.6.v201510161327\lib\ant.jar" />

          <property name="file.encoding" value="Cp1252" />

          <property name="java.specification.version" value="1.8" />

          <property name="grader.dir" value=".grader" />

          <property name="ant.project.invoked-targets" value="all" />

      </properties>

      <testcase classname="library.beta.LibraryTest" name="testBuy[library.SmallLibrary]" time="0.019">
          <error message="not implemented yet" type="java.lang.RuntimeException">java.lang.RuntimeException: not implemented yet
	at library.SmallLibrary.&lt;init&gt;(SmallLibrary.java:32)
	at java.lang.reflect.Constructor.newInstance(Constructor.java:423)
	at java.lang.Class.newInstance(Class.java:442)
	at library.beta.LibraryTest.makeLibrary(LibraryTest.java:57)
	at library.beta.LibraryTest.testBuy(LibraryTest.java:96)
</error>

      </testcase>

      <testcase classname="library.beta.LibraryTest" name="testFind[library.SmallLibrary]" time="0.001">
          <error message="not implemented yet" type="java.lang.RuntimeException">java.lang.RuntimeException: not implemented yet
	at library.SmallLibrary.&lt;init&gt;(SmallLibrary.java:32)
	at java.lang.reflect.Constructor.newInstance(Constructor.java:423)
	at java.lang.Class.newInstance(Class.java:442)
	at library.beta.LibraryTest.makeLibrary(LibraryTest.java:57)
	at library.beta.LibraryTest.testFind(LibraryTest.java:190)
</error>

      </testcase>

      <testcase classname="library.beta.LibraryTest" name="testLose[library.SmallLibrary]" time="0.001">
          <error message="not implemented yet" type="java.lang.RuntimeException">java.lang.RuntimeException: not implemented yet
	at library.SmallLibrary.&lt;init&gt;(SmallLibrary.java:32)
	at java.lang.reflect.Constructor.newInstance(Constructor.java:423)
	at java.lang.Class.newInstance(Class.java:442)
	at library.beta.LibraryTest.makeLibrary(LibraryTest.java:57)
	at library.beta.LibraryTest.testLose(LibraryTest.java:222)
</error>

      </testcase>

      <testcase classname="library.beta.LibraryTest" name="testAllCopiesAvailableCopies[library.SmallLibrary]" time="0.001">
          <error message="not implemented yet" type="java.lang.RuntimeException">java.lang.RuntimeException: not implemented yet
	at library.SmallLibrary.&lt;init&gt;(SmallLibrary.java:32)
	at java.lang.reflect.Constructor.newInstance(Constructor.java:423)
	at java.lang.Class.newInstance(Class.java:442)
	at library.beta.LibraryTest.makeLibrary(LibraryTest.java:57)
	at library.beta.LibraryTest.testAllCopiesAvailableCopies(LibraryTest.java:156)
</error>

      </testcase>

      <testcase classname="library.beta.LibraryTest" name="testEqualsHashcode[library.SmallLibrary]" time="0.001">
          <error message="not implemented yet" type="java.lang.RuntimeException">java.lang.RuntimeException: not implemented yet
	at library.SmallLibrary.&lt;init&gt;(SmallLibrary.java:32)
	at java.lang.reflect.Constructor.newInstance(Constructor.java:423)
	at java.lang.Class.newInstance(Class.java:442)
	at library.beta.LibraryTest.makeLibrary(LibraryTest.java:57)
	at library.beta.LibraryTest.testEqualsHashcode(LibraryTest.java:241)
</error>

      </testcase>

      <testcase classname="library.beta.LibraryTest" name="testAssertionsEnabled[library.SmallLibrary]" time="0.0" />

      <testcase classname="library.beta.LibraryTest" name="testIsAvailable[library.SmallLibrary]" time="0.001">
          <error message="not implemented yet" type="java.lang.RuntimeException">java.lang.RuntimeException: not implemented yet
	at library.SmallLibrary.&lt;init&gt;(SmallLibrary.java:32)
	at java.lang.reflect.Constructor.newInstance(Constructor.java:423)
	at java.lang.Class.newInstance(Class.java:442)
	at library.beta.LibraryTest.makeLibrary(LibraryTest.java:57)
	at library.beta.LibraryTest.testIsAvailable(LibraryTest.java:135)
</error>

      </testcase>

      <testcase classname="library.beta.LibraryTest" name="testCheckinCheckout[library.SmallLibrary]" time="0.001">
          <error message="not implemented yet" type="java.lang.RuntimeException">java.lang.RuntimeException: not implemented yet
	at library.SmallLibrary.&lt;init&gt;(SmallLibrary.java:32)
	at java.lang.reflect.Constructor.newInstance(Constructor.java:423)
	at java.lang.Class.newInstance(Class.java:442)
	at library.beta.LibraryTest.makeLibrary(LibraryTest.java:57)
	at library.beta.LibraryTest.testCheckinCheckout(LibraryTest.java:113)
</error>

      </testcase>

      <testcase classname="library.beta.LibraryTest" name="testBuy[library.BigLibrary]" time="0.002">
          <error message="not implemented yet" type="java.lang.RuntimeException">java.lang.RuntimeException: not implemented yet
	at library.BigLibrary.&lt;init&gt;(BigLibrary.java:22)
	at java.lang.reflect.Constructor.newInstance(Constructor.java:423)
	at java.lang.Class.newInstance(Class.java:442)
	at library.beta.LibraryTest.makeLibrary(LibraryTest.java:57)
	at library.beta.LibraryTest.testBuy(LibraryTest.java:96)
</error>

      </testcase>

      <testcase classname="library.beta.LibraryTest" name="testFind[library.BigLibrary]" time="0.001">
          <error message="not implemented yet" type="java.lang.RuntimeException">java.lang.RuntimeException: not implemented yet
	at library.BigLibrary.&lt;init&gt;(BigLibrary.java:22)
	at java.lang.reflect.Constructor.newInstance(Constructor.java:423)
	at java.lang.Class.newInstance(Class.java:442)
	at library.beta.LibraryTest.makeLibrary(LibraryTest.java:57)
	at library.beta.LibraryTest.testFind(LibraryTest.java:190)
</error>

      </testcase>

      <testcase classname="library.beta.LibraryTest" name="testLose[library.BigLibrary]" time="0.001">
          <error message="not implemented yet" type="java.lang.RuntimeException">java.lang.RuntimeException: not implemented yet
	at library.BigLibrary.&lt;init&gt;(BigLibrary.java:22)
	at java.lang.reflect.Constructor.newInstance(Constructor.java:423)
	at java.lang.Class.newInstance(Class.java:442)
	at library.beta.LibraryTest.makeLibrary(LibraryTest.java:57)
	at library.beta.LibraryTest.testLose(LibraryTest.java:222)
</error>

      </testcase>

      <testcase classname="library.beta.LibraryTest" name="testAllCopiesAvailableCopies[library.BigLibrary]" time="0.001">
          <error message="not implemented yet" type="java.lang.RuntimeException">java.lang.RuntimeException: not implemented yet
	at library.BigLibrary.&lt;init&gt;(BigLibrary.java:22)
	at java.lang.reflect.Constructor.newInstance(Constructor.java:423)
	at java.lang.Class.newInstance(Class.java:442)
	at library.beta.LibraryTest.makeLibrary(LibraryTest.java:57)
	at library.beta.LibraryTest.testAllCopiesAvailableCopies(LibraryTest.java:156)
</error>

      </testcase>

      <testcase classname="library.beta.LibraryTest" name="testEqualsHashcode[library.BigLibrary]" time="0.001">
          <error message="not implemented yet" type="java.lang.RuntimeException">java.lang.RuntimeException: not implemented yet
	at library.BigLibrary.&lt;init&gt;(BigLibrary.java:22)
	at java.lang.reflect.Constructor.newInstance(Constructor.java:423)
	at java.lang.Class.newInstance(Class.java:442)
	at library.beta.LibraryTest.makeLibrary(LibraryTest.java:57)
	at library.beta.LibraryTest.testEqualsHashcode(LibraryTest.java:241)
</error>

      </testcase>

      <testcase classname="library.beta.LibraryTest" name="testAssertionsEnabled[library.BigLibrary]" time="0.0" />

      <testcase classname="library.beta.LibraryTest" name="testIsAvailable[library.BigLibrary]" time="0.001">
          <error message="not implemented yet" type="java.lang.RuntimeException">java.lang.RuntimeException: not implemented yet
	at library.BigLibrary.&lt;init&gt;(BigLibrary.java:22)
	at java.lang.reflect.Constructor.newInstance(Constructor.java:423)
	at java.lang.Class.newInstance(Class.java:442)
	at library.beta.LibraryTest.makeLibrary(LibraryTest.java:57)
	at library.beta.LibraryTest.testIsAvailable(LibraryTest.java:135)
</error>

      </testcase>

      <testcase classname="library.beta.LibraryTest" name="testCheckinCheckout[library.BigLibrary]" time="0.0">
          <error message="not implemented yet" type="java.lang.RuntimeException">java.lang.RuntimeException: not implemented yet
	at library.BigLibrary.&lt;init&gt;(BigLibrary.java:22)
	at java.lang.reflect.Constructor.newInstance(Constructor.java:423)
	at java.lang.Class.newInstance(Class.java:442)
	at library.beta.LibraryTest.makeLibrary(LibraryTest.java:57)
	at library.beta.LibraryTest.testCheckinCheckout(LibraryTest.java:113)
</error>

      </testcase>

      <system-out><![CDATA[]]></system-out>

      <system-err><![CDATA[]]></system-err>

  </testsuite>
</testsuites>
