<?xml version="1.0" encoding="UTF-8" ?>
<testsuite errors="14" failures="0" hostname="mohit-PC" name="library.beta.LibraryTest" skipped="0" tests="16" time="0.209" timestamp="2017-05-01T10:18:39">
  <properties>
[...]
</properties>
  <testcase classname="library.beta.LibraryTest" name="testBuy[library.SmallLibrary]" time="0.02">
    <error message="not implemented yet" type="java.lang.RuntimeException">java.lang.RuntimeException: not implemented yet
	at library.SmallLibrary.&lt;init&gt;(SmallLibrary.java:32)
	at java.lang.reflect.Constructor.newInstance(Constructor.java:423)
	at java.lang.Class.newInstance(Class.java:442)
	at library.beta.LibraryTest.makeLibrary(LibraryTest.java:57)
	at library.beta.LibraryTest.testBuy(LibraryTest.java:96)
</error>
  </testcase>
  <testcase classname="library.beta.LibraryTest" name="testFind[library.SmallLibrary]" time="0.001">
    <error message="not implemented yet" type="java.lang.RuntimeException">java.lang.RuntimeException: not implemented yet
	at library.SmallLibrary.&lt;init&gt;(SmallLibrary.java:32)
	at java.lang.reflect.Constructor.newInstance(Constructor.java:423)
	at java.lang.Class.newInstance(Class.java:442)
	at library.beta.LibraryTest.makeLibrary(LibraryTest.java:57)
	at library.beta.LibraryTest.testFind(LibraryTest.java:190)
</error>
  </testcase>
  <testcase classname="library.beta.LibraryTest" name="testLose[library.SmallLibrary]" time="0.002">
    <error message="not implemented yet" type="java.lang.RuntimeException">java.lang.RuntimeException: not implemented yet
	at library.SmallLibrary.&lt;init&gt;(SmallLibrary.java:32)
	at java.lang.reflect.Constructor.newInstance(Constructor.java:423)
	at java.lang.Class.newInstance(Class.java:442)
	at library.beta.LibraryTest.makeLibrary(LibraryTest.java:57)
	at library.beta.LibraryTest.testLose(LibraryTest.java:222)
</error>
  </testcase>
  <testcase classname="library.beta.LibraryTest" name="testAllCopiesAvailableCopies[library.SmallLibrary]" time="0.001">
    <error message="not implemented yet" type="java.lang.RuntimeException">java.lang.RuntimeException: not implemented yet
	at library.SmallLibrary.&lt;init&gt;(SmallLibrary.java:32)
	at java.lang.reflect.Constructor.newInstance(Constructor.java:423)
	at java.lang.Class.newInstance(Class.java:442)
	at library.beta.LibraryTest.makeLibrary(LibraryTest.java:57)
	at library.beta.LibraryTest.testAllCopiesAvailableCopies(LibraryTest.java:156)
</error>
  </testcase>
  <testcase classname="library.beta.LibraryTest" name="testEqualsHashcode[library.SmallLibrary]" time="0.002">
    <error message="not implemented yet" type="java.lang.RuntimeException">java.lang.RuntimeException: not implemented yet
	at library.SmallLibrary.&lt;init&gt;(SmallLibrary.java:32)
	at java.lang.reflect.Constructor.newInstance(Constructor.java:423)
	at java.lang.Class.newInstance(Class.java:442)
	at library.beta.LibraryTest.makeLibrary(LibraryTest.java:57)
	at library.beta.LibraryTest.testEqualsHashcode(LibraryTest.java:241)
</error>
  </testcase>
  <testcase classname="library.beta.LibraryTest" name="testAssertionsEnabled[library.SmallLibrary]" time="0.0" />
  <testcase classname="library.beta.LibraryTest" name="testIsAvailable[library.SmallLibrary]" time="0.001">
    <error message="not implemented yet" type="java.lang.RuntimeException">java.lang.RuntimeException: not implemented yet
	at library.SmallLibrary.&lt;init&gt;(SmallLibrary.java:32)
	at java.lang.reflect.Constructor.newInstance(Constructor.java:423)
	at java.lang.Class.newInstance(Class.java:442)
	at library.beta.LibraryTest.makeLibrary(LibraryTest.java:57)
	at library.beta.LibraryTest.testIsAvailable(LibraryTest.java:135)
</error>
  </testcase>
  <testcase classname="library.beta.LibraryTest" name="testCheckinCheckout[library.SmallLibrary]" time="0.001">
    <error message="not implemented yet" type="java.lang.RuntimeException">java.lang.RuntimeException: not implemented yet
	at library.SmallLibrary.&lt;init&gt;(SmallLibrary.java:32)
	at java.lang.reflect.Constructor.newInstance(Constructor.java:423)
	at java.lang.Class.newInstance(Class.java:442)
	at library.beta.LibraryTest.makeLibrary(LibraryTest.java:57)
	at library.beta.LibraryTest.testCheckinCheckout(LibraryTest.java:113)
</error>
  </testcase>
  <testcase classname="library.beta.LibraryTest" name="testBuy[library.BigLibrary]" time="0.002">
    <error message="not implemented yet" type="java.lang.RuntimeException">java.lang.RuntimeException: not implemented yet
	at library.BigLibrary.&lt;init&gt;(BigLibrary.java:22)
	at java.lang.reflect.Constructor.newInstance(Constructor.java:423)
	at java.lang.Class.newInstance(Class.java:442)
	at library.beta.LibraryTest.makeLibrary(LibraryTest.java:57)
	at library.beta.LibraryTest.testBuy(LibraryTest.java:96)
</error>
  </testcase>
  <testcase classname="library.beta.LibraryTest" name="testFind[library.BigLibrary]" time="0.001">
    <error message="not implemented yet" type="java.lang.RuntimeException">java.lang.RuntimeException: not implemented yet
	at library.BigLibrary.&lt;init&gt;(BigLibrary.java:22)
	at java.lang.reflect.Constructor.newInstance(Constructor.java:423)
	at java.lang.Class.newInstance(Class.java:442)
	at library.beta.LibraryTest.makeLibrary(LibraryTest.java:57)
	at library.beta.LibraryTest.testFind(LibraryTest.java:190)
</error>
  </testcase>
  <testcase classname="library.beta.LibraryTest" name="testLose[library.BigLibrary]" time="0.001">
    <error message="not implemented yet" type="java.lang.RuntimeException">java.lang.RuntimeException: not implemented yet
	at library.BigLibrary.&lt;init&gt;(BigLibrary.java:22)
	at java.lang.reflect.Constructor.newInstance(Constructor.java:423)
	at java.lang.Class.newInstance(Class.java:442)
	at library.beta.LibraryTest.makeLibrary(LibraryTest.java:57)
	at library.beta.LibraryTest.testLose(LibraryTest.java:222)
</error>
  </testcase>
  <testcase classname="library.beta.LibraryTest" name="testAllCopiesAvailableCopies[library.BigLibrary]" time="0.001">
    <error message="not implemented yet" type="java.lang.RuntimeException">java.lang.RuntimeException: not implemented yet
	at library.BigLibrary.&lt;init&gt;(BigLibrary.java:22)
	at java.lang.reflect.Constructor.newInstance(Constructor.java:423)
	at java.lang.Class.newInstance(Class.java:442)
	at library.beta.LibraryTest.makeLibrary(LibraryTest.java:57)
	at library.beta.LibraryTest.testAllCopiesAvailableCopies(LibraryTest.java:156)
</error>
  </testcase>
  <testcase classname="library.beta.LibraryTest" name="testEqualsHashcode[library.BigLibrary]" time="0.002">
    <error message="not implemented yet" type="java.lang.RuntimeException">java.lang.RuntimeException: not implemented yet
	at library.BigLibrary.&lt;init&gt;(BigLibrary.java:22)
	at java.lang.reflect.Constructor.newInstance(Constructor.java:423)
	at java.lang.Class.newInstance(Class.java:442)
	at library.beta.LibraryTest.makeLibrary(LibraryTest.java:57)
	at library.beta.LibraryTest.testEqualsHashcode(LibraryTest.java:241)
</error>
  </testcase>
  <testcase classname="library.beta.LibraryTest" name="testAssertionsEnabled[library.BigLibrary]" time="0.0" />
  <testcase classname="library.beta.LibraryTest" name="testIsAvailable[library.BigLibrary]" time="0.001">
    <error message="not implemented yet" type="java.lang.RuntimeException">java.lang.RuntimeException: not implemented yet
	at library.BigLibrary.&lt;init&gt;(BigLibrary.java:22)
	at java.lang.reflect.Constructor.newInstance(Constructor.java:423)
	at java.lang.Class.newInstance(Class.java:442)
	at library.beta.LibraryTest.makeLibrary(LibraryTest.java:57)
	at library.beta.LibraryTest.testIsAvailable(LibraryTest.java:135)
</error>
  </testcase>
  <testcase classname="library.beta.LibraryTest" name="testCheckinCheckout[library.BigLibrary]" time="0.001">
    <error message="not implemented yet" type="java.lang.RuntimeException">java.lang.RuntimeException: not implemented yet
	at library.BigLibrary.&lt;init&gt;(BigLibrary.java:22)
	at java.lang.reflect.Constructor.newInstance(Constructor.java:423)
	at java.lang.Class.newInstance(Class.java:442)
	at library.beta.LibraryTest.makeLibrary(LibraryTest.java:57)
	at library.beta.LibraryTest.testCheckinCheckout(LibraryTest.java:113)
</error>
  </testcase>
  <system-out><![CDATA[]]></system-out>
  <system-err><![CDATA[]]></system-err>
</testsuite>
